<?xml version="1.0" encoding="UTF-8"?>
<testng-results skipped="0" failed="0" ignored="0" total="1" passed="1">
  <reporter-output>
  </reporter-output>
  <suite name="Default suite" duration-ms="5319" started-at="2018-03-21T08:30:39Z" finished-at="2018-03-21T08:30:44Z">
    <groups>
    </groups>
    <test name="Default test" duration-ms="5319" started-at="2018-03-21T08:30:39Z" finished-at="2018-03-21T08:30:44Z">
      <class name="practisetests.BaseTest">
        <test-method status="PASS" signature="beforeTest()[pri:0, instance:practisetests.BaseTest@59e5ddf]" name="beforeTest" is-config="true" duration-ms="2448" started-at="2018-03-21T14:00:39Z" finished-at="2018-03-21T14:00:41Z">
          <reporter-output>
          </reporter-output>
        </test-method> <!-- beforeTest -->
        <test-method status="PASS" signature="test()[pri:0, instance:practisetests.BaseTest@59e5ddf]" name="test" duration-ms="2840" started-at="2018-03-21T14:00:41Z" finished-at="2018-03-21T14:00:44Z">
          <reporter-output>
          </reporter-output>
        </test-method> <!-- test -->
        <test-method status="PASS" signature="afterTest()[pri:0, instance:practisetests.BaseTest@59e5ddf]" name="afterTest" is-config="true" duration-ms="0" started-at="2018-03-21T14:00:44Z" finished-at="2018-03-21T14:00:44Z">
          <reporter-output>
          </reporter-output>
        </test-method> <!-- afterTest -->
      </class> <!-- practisetests.BaseTest -->
    </test> <!-- Default test -->
  </suite> <!-- Default suite -->
</testng-results>
